2026-03-29 21:17:14,575 INFO     ado_client: Authenticated via Azure CLI (Entra ID)
2026-03-29 21:17:14,577 INFO     root: Running ADO query dcd00d8e-b2ef-43f2-8d5c-abab82698059 ...
2026-03-29 21:21:38,601 INFO     ado_client: Azure DevOps CLI extension available and working
2026-03-29 21:21:38,601 INFO     ado_client: Using Azure DevOps CLI (Entra ID via az login)
2026-03-29 21:21:38,603 INFO     root: Running ADO query dcd00d8e-b2ef-43f2-8d5c-abab82698059 ...
2026-03-29 21:21:41,874 INFO     root: Query returned 90 work item IDs
2026-03-29 21:21:44,412 WARNING  ado_client: Failed to fetch work item 204337: az CLI failed (exit 2): ERROR: unrecognized arguments: --project AI-OSS-Security-Issues

Examples from AI knowledge base:
https://aka.ms/cli_ref
Read more about the command in reference docs
2026-03-29 21:21:46,316 WARNING  ado_client: Failed to fetch work item 204338: az CLI failed (exit 2): ERROR: unrecognized arguments: --project AI-OSS-Security-Issues

Examples from AI knowledge base:
https://aka.ms/cli_ref
Read more about the command in reference docs
2026-03-29 21:21:48,373 WARNING  ado_client: Failed to fetch work item 204339: az CLI failed (exit 2): ERROR: unrecognized arguments: --project AI-OSS-Security-Issues

Examples from AI knowledge base:
https://aka.ms/cli_ref
Read more about the command in reference docs
2026-03-29 21:21:50,294 WARNING  ado_client: Failed to fetch work item 204340: az CLI failed (exit 2): ERROR: unrecognized arguments: --project AI-OSS-Security-Issues

Examples from AI knowledge base:
https://aka.ms/cli_ref
Read more about the command in reference docs
2026-03-29 21:21:52,140 WARNING  ado_client: Failed to fetch work item 204341: az CLI failed (exit 2): ERROR: unrecognized arguments: --project AI-OSS-Security-Issues

Examples from AI knowledge base:
https://aka.ms/cli_ref
Read more about the command in reference docs
2026-03-29 21:21:53,960 WARNING  ado_client: Failed to fetch work item 204342: az CLI failed (exit 2): ERROR: unrecognized arguments: --project AI-OSS-Security-Issues

Examples from AI knowledge base:
https://aka.ms/cli_ref
Read more about the command in reference docs
2026-03-29 21:21:55,797 WARNING  ado_client: Failed to fetch work item 204343: az CLI failed (exit 2): ERROR: unrecognized arguments: --project AI-OSS-Security-Issues

Examples from AI knowledge base:
https://aka.ms/cli_ref
Read more about the command in reference docs
2026-03-29 21:21:57,572 WARNING  ado_client: Failed to fetch work item 204344: az CLI failed (exit 2): ERROR: unrecognized arguments: --project AI-OSS-Security-Issues

Examples from AI knowledge base:
https://aka.ms/cli_ref
Read more about the command in reference docs
2026-03-29 21:21:59,425 WARNING  ado_client: Failed to fetch work item 204347: az CLI failed (exit 2): ERROR: unrecognized arguments: --project AI-OSS-Security-Issues

Examples from AI knowledge base:
https://aka.ms/cli_ref
Read more about the command in reference docs
2026-03-29 21:22:01,494 WARNING  ado_client: Failed to fetch work item 204348: az CLI failed (exit 2): ERROR: unrecognized arguments: --project AI-OSS-Security-Issues

Examples from AI knowledge base:
https://aka.ms/cli_ref
Read more about the command in reference docs
2026-03-29 21:22:03,817 WARNING  ado_client: Failed to fetch work item 204349: az CLI failed (exit 2): ERROR: unrecognized arguments: --project AI-OSS-Security-Issues

Examples from AI knowledge base:
https://aka.ms/cli_ref
Read more about the command in reference docs
2026-03-29 21:22:05,851 WARNING  ado_client: Failed to fetch work item 204350: az CLI failed (exit 2): ERROR: unrecognized arguments: --project AI-OSS-Security-Issues

Examples from AI knowledge base:
https://aka.ms/cli_ref
Read more about the command in reference docs
2026-03-29 21:22:07,794 WARNING  ado_client: Failed to fetch work item 204351: az CLI failed (exit 2): ERROR: unrecognized arguments: --project AI-OSS-Security-Issues

Examples from AI knowledge base:
https://aka.ms/cli_ref
Read more about the command in reference docs
2026-03-29 21:22:09,811 WARNING  ado_client: Failed to fetch work item 204352: az CLI failed (exit 2): ERROR: unrecognized arguments: --project AI-OSS-Security-Issues

Examples from AI knowledge base:
https://aka.ms/cli_ref
Read more about the command in reference docs
2026-03-29 21:22:11,733 WARNING  ado_client: Failed to fetch work item 204354: az CLI failed (exit 2): ERROR: unrecognized arguments: --project AI-OSS-Security-Issues

Examples from AI knowledge base:
https://aka.ms/cli_ref
Read more about the command in reference docs
2026-03-29 21:22:13,685 WARNING  ado_client: Failed to fetch work item 204355: az CLI failed (exit 2): ERROR: unrecognized arguments: --project AI-OSS-Security-Issues

Examples from AI knowledge base:
https://aka.ms/cli_ref
Read more about the command in reference docs
2026-03-29 21:22:15,941 WARNING  ado_client: Failed to fetch work item 204356: az CLI failed (exit 2): ERROR: unrecognized arguments: --project AI-OSS-Security-Issues

Examples from AI knowledge base:
https://aka.ms/cli_ref
Read more about the command in reference docs
2026-03-29 21:22:18,550 WARNING  ado_client: Failed to fetch work item 204359: az CLI failed (exit 2): ERROR: unrecognized arguments: --project AI-OSS-Security-Issues

Examples from AI knowledge base:
https://aka.ms/cli_ref
Read more about the command in reference docs
2026-03-29 21:22:20,564 WARNING  ado_client: Failed to fetch work item 204360: az CLI failed (exit 2): ERROR: unrecognized arguments: --project AI-OSS-Security-Issues

Examples from AI knowledge base:
https://aka.ms/cli_ref
Read more about the command in reference docs
2026-03-29 21:22:22,515 WARNING  ado_client: Failed to fetch work item 204361: az CLI failed (exit 2): ERROR: unrecognized arguments: --project AI-OSS-Security-Issues

Examples from AI knowledge base:
https://aka.ms/cli_ref
Read more about the command in reference docs
2026-03-29 21:22:24,384 WARNING  ado_client: Failed to fetch work item 204362: az CLI failed (exit 2): ERROR: unrecognized arguments: --project AI-OSS-Security-Issues

Examples from AI knowledge base:
https://aka.ms/cli_ref
Read more about the command in reference docs
2026-03-29 21:22:26,376 WARNING  ado_client: Failed to fetch work item 204363: az CLI failed (exit 2): ERROR: unrecognized arguments: --project AI-OSS-Security-Issues

Examples from AI knowledge base:
https://aka.ms/cli_ref
Read more about the command in reference docs
2026-03-29 21:22:28,227 WARNING  ado_client: Failed to fetch work item 204364: az CLI failed (exit 2): ERROR: unrecognized arguments: --project AI-OSS-Security-Issues

Examples from AI knowledge base:
https://aka.ms/cli_ref
Read more about the command in reference docs
2026-03-29 21:22:30,412 WARNING  ado_client: Failed to fetch work item 204365: az CLI failed (exit 2): ERROR: unrecognized arguments: --project AI-OSS-Security-Issues

Examples from AI knowledge base:
https://aka.ms/cli_ref
Read more about the command in reference docs
2026-03-29 21:22:32,357 WARNING  ado_client: Failed to fetch work item 204366: az CLI failed (exit 2): ERROR: unrecognized arguments: --project AI-OSS-Security-Issues

Examples from AI knowledge base:
https://aka.ms/cli_ref
Read more about the command in reference docs
2026-03-29 21:22:32,357 INFO     ado_client: Fetched 25 / 90 work items...
2026-03-29 21:22:34,557 WARNING  ado_client: Failed to fetch work item 204367: az CLI failed (exit 2): ERROR: unrecognized arguments: --project AI-OSS-Security-Issues

Examples from AI knowledge base:
https://aka.ms/cli_ref
Read more about the command in reference docs
2026-03-29 21:22:36,471 WARNING  ado_client: Failed to fetch work item 204368: az CLI failed (exit 2): ERROR: unrecognized arguments: --project AI-OSS-Security-Issues

Examples from AI knowledge base:
https://aka.ms/cli_ref
Read more about the command in reference docs
2026-03-29 21:22:38,602 WARNING  ado_client: Failed to fetch work item 204369: az CLI failed (exit 2): ERROR: unrecognized arguments: --project AI-OSS-Security-Issues

Examples from AI knowledge base:
https://aka.ms/cli_ref
Read more about the command in reference docs
2026-03-29 21:22:40,594 WARNING  ado_client: Failed to fetch work item 204370: az CLI failed (exit 2): ERROR: unrecognized arguments: --project AI-OSS-Security-Issues

Examples from AI knowledge base:
https://aka.ms/cli_ref
Read more about the command in reference docs
2026-03-29 21:22:42,763 WARNING  ado_client: Failed to fetch work item 204371: az CLI failed (exit 2): ERROR: unrecognized arguments: --project AI-OSS-Security-Issues

Examples from AI knowledge base:
https://aka.ms/cli_ref
Read more about the command in reference docs
2026-03-29 21:22:44,698 WARNING  ado_client: Failed to fetch work item 204374: az CLI failed (exit 2): ERROR: unrecognized arguments: --project AI-OSS-Security-Issues

Examples from AI knowledge base:
https://aka.ms/cli_ref
Read more about the command in reference docs
2026-03-29 21:22:46,663 WARNING  ado_client: Failed to fetch work item 204375: az CLI failed (exit 2): ERROR: unrecognized arguments: --project AI-OSS-Security-Issues

Examples from AI knowledge base:
https://aka.ms/cli_ref
Read more about the command in reference docs
2026-03-29 21:22:48,676 WARNING  ado_client: Failed to fetch work item 204376: az CLI failed (exit 2): ERROR: unrecognized arguments: --project AI-OSS-Security-Issues

Examples from AI knowledge base:
https://aka.ms/cli_ref
Read more about the command in reference docs
2026-03-29 21:22:51,296 WARNING  ado_client: Failed to fetch work item 204377: az CLI failed (exit 2): ERROR: unrecognized arguments: --project AI-OSS-Security-Issues

Examples from AI knowledge base:
https://aka.ms/cli_ref
Read more about the command in reference docs
2026-03-29 21:22:51,337 INFO     ado_client: Azure DevOps CLI extension available and working
2026-03-29 21:22:51,337 INFO     ado_client: Using Azure DevOps CLI (Entra ID via az login)
2026-03-29 21:22:51,340 INFO     root: Running ADO query dcd00d8e-b2ef-43f2-8d5c-abab82698059 ...
2026-03-29 21:22:53,369 WARNING  ado_client: Failed to fetch work item 204378: az CLI failed (exit 2): ERROR: unrecognized arguments: --project AI-OSS-Security-Issues

Examples from AI knowledge base:
https://aka.ms/cli_ref
Read more about the command in reference docs
2026-03-29 21:22:54,635 INFO     root: Query returned 90 work item IDs
2026-03-29 21:22:55,333 WARNING  ado_client: Failed to fetch work item 204380: az CLI failed (exit 2): ERROR: unrecognized arguments: --project AI-OSS-Security-Issues

Examples from AI knowledge base:
https://aka.ms/cli_ref
Read more about the command in reference docs
2026-03-29 21:22:56,706 WARNING  ado_client: Failed to fetch work item 204337: az CLI failed (exit 2): ERROR: unrecognized arguments: --project AI-OSS-Security-Issues

Examples from AI knowledge base:
https://aka.ms/cli_ref
Read more about the command in reference docs
2026-03-29 21:22:57,365 WARNING  ado_client: Failed to fetch work item 204381: az CLI failed (exit 2): ERROR: unrecognized arguments: --project AI-OSS-Security-Issues

Examples from AI knowledge base:
https://aka.ms/cli_ref
Read more about the command in reference docs
2026-03-29 21:22:58,720 WARNING  ado_client: Failed to fetch work item 204338: az CLI failed (exit 2): ERROR: unrecognized arguments: --project AI-OSS-Security-Issues

Examples from AI knowledge base:
https://aka.ms/cli_ref
Read more about the command in reference docs
2026-03-29 21:22:59,349 WARNING  ado_client: Failed to fetch work item 204382: az CLI failed (exit 2): ERROR: unrecognized arguments: --project AI-OSS-Security-Issues

Examples from AI knowledge base:
https://aka.ms/cli_ref
Read more about the command in reference docs
2026-03-29 21:23:00,741 WARNING  ado_client: Failed to fetch work item 204339: az CLI failed (exit 2): ERROR: unrecognized arguments: --project AI-OSS-Security-Issues

Examples from AI knowledge base:
https://aka.ms/cli_ref
Read more about the command in reference docs
2026-03-29 21:23:01,369 WARNING  ado_client: Failed to fetch work item 204383: az CLI failed (exit 2): ERROR: unrecognized arguments: --project AI-OSS-Security-Issues

Examples from AI knowledge base:
https://aka.ms/cli_ref
Read more about the command in reference docs
2026-03-29 21:23:02,725 WARNING  ado_client: Failed to fetch work item 204340: az CLI failed (exit 2): ERROR: unrecognized arguments: --project AI-OSS-Security-Issues

Examples from AI knowledge base:
https://aka.ms/cli_ref
Read more about the command in reference docs
2026-03-29 21:23:03,294 WARNING  ado_client: Failed to fetch work item 204384: az CLI failed (exit 2): ERROR: unrecognized arguments: --project AI-OSS-Security-Issues

Examples from AI knowledge base:
https://aka.ms/cli_ref
Read more about the command in reference docs
2026-03-29 21:23:04,700 WARNING  ado_client: Failed to fetch work item 204341: az CLI failed (exit 2): ERROR: unrecognized arguments: --project AI-OSS-Security-Issues

Examples from AI knowledge base:
https://aka.ms/cli_ref
Read more about the command in reference docs
2026-03-29 21:23:05,197 WARNING  ado_client: Failed to fetch work item 204385: az CLI failed (exit 2): ERROR: unrecognized arguments: --project AI-OSS-Security-Issues

Examples from AI knowledge base:
https://aka.ms/cli_ref
Read more about the command in reference docs
2026-03-29 21:23:06,614 WARNING  ado_client: Failed to fetch work item 204342: az CLI failed (exit 2): ERROR: unrecognized arguments: --project AI-OSS-Security-Issues

Examples from AI knowledge base:
https://aka.ms/cli_ref
Read more about the command in reference docs
2026-03-29 21:23:07,135 WARNING  ado_client: Failed to fetch work item 204386: az CLI failed (exit 2): ERROR: unrecognized arguments: --project AI-OSS-Security-Issues

Examples from AI knowledge base:
https://aka.ms/cli_ref
Read more about the command in reference docs
2026-03-29 21:23:08,567 WARNING  ado_client: Failed to fetch work item 204343: az CLI failed (exit 2): ERROR: unrecognized arguments: --project AI-OSS-Security-Issues

Examples from AI knowledge base:
https://aka.ms/cli_ref
Read more about the command in reference docs
2026-03-29 21:23:09,090 WARNING  ado_client: Failed to fetch work item 204387: az CLI failed (exit 2): ERROR: unrecognized arguments: --project AI-OSS-Security-Issues

Examples from AI knowledge base:
https://aka.ms/cli_ref
Read more about the command in reference docs
2026-03-29 21:23:10,558 WARNING  ado_client: Failed to fetch work item 204344: az CLI failed (exit 2): ERROR: unrecognized arguments: --project AI-OSS-Security-Issues

Examples from AI knowledge base:
https://aka.ms/cli_ref
Read more about the command in reference docs
2026-03-29 21:23:11,048 WARNING  ado_client: Failed to fetch work item 204388: az CLI failed (exit 2): ERROR: unrecognized arguments: --project AI-OSS-Security-Issues

Examples from AI knowledge base:
https://aka.ms/cli_ref
Read more about the command in reference docs
2026-03-29 21:23:12,485 WARNING  ado_client: Failed to fetch work item 204347: az CLI failed (exit 2): ERROR: unrecognized arguments: --project AI-OSS-Security-Issues

Examples from AI knowledge base:
https://aka.ms/cli_ref
Read more about the command in reference docs
2026-03-29 21:23:12,857 WARNING  ado_client: Failed to fetch work item 204389: az CLI failed (exit 2): ERROR: unrecognized arguments: --project AI-OSS-Security-Issues

Examples from AI knowledge base:
https://aka.ms/cli_ref
Read more about the command in reference docs
2026-03-29 21:23:14,381 WARNING  ado_client: Failed to fetch work item 204348: az CLI failed (exit 2): ERROR: unrecognized arguments: --project AI-OSS-Security-Issues

Examples from AI knowledge base:
https://aka.ms/cli_ref
Read more about the command in reference docs
2026-03-29 21:23:14,740 WARNING  ado_client: Failed to fetch work item 204403: az CLI failed (exit 2): ERROR: unrecognized arguments: --project AI-OSS-Security-Issues

Examples from AI knowledge base:
https://aka.ms/cli_ref
Read more about the command in reference docs
2026-03-29 21:23:16,373 WARNING  ado_client: Failed to fetch work item 204349: az CLI failed (exit 2): ERROR: unrecognized arguments: --project AI-OSS-Security-Issues

Examples from AI knowledge base:
https://aka.ms/cli_ref
Read more about the command in reference docs
2026-03-29 21:23:16,749 WARNING  ado_client: Failed to fetch work item 204404: az CLI failed (exit 2): ERROR: unrecognized arguments: --project AI-OSS-Security-Issues

Examples from AI knowledge base:
https://aka.ms/cli_ref
Read more about the command in reference docs
2026-03-29 21:23:18,469 WARNING  ado_client: Failed to fetch work item 204350: az CLI failed (exit 2): ERROR: unrecognized arguments: --project AI-OSS-Security-Issues

Examples from AI knowledge base:
https://aka.ms/cli_ref
Read more about the command in reference docs
2026-03-29 21:23:18,647 WARNING  ado_client: Failed to fetch work item 204405: az CLI failed (exit 2): ERROR: unrecognized arguments: --project AI-OSS-Security-Issues

Examples from AI knowledge base:
https://aka.ms/cli_ref
Read more about the command in reference docs
2026-03-29 21:23:20,548 WARNING  ado_client: Failed to fetch work item 204351: az CLI failed (exit 2): ERROR: unrecognized arguments: --project AI-OSS-Security-Issues

Examples from AI knowledge base:
https://aka.ms/cli_ref
Read more about the command in reference docs
2026-03-29 21:23:20,746 WARNING  ado_client: Failed to fetch work item 204406: az CLI failed (exit 2): ERROR: unrecognized arguments: --project AI-OSS-Security-Issues

Examples from AI knowledge base:
https://aka.ms/cli_ref
Read more about the command in reference docs
2026-03-29 21:23:23,292 WARNING  ado_client: Failed to fetch work item 204352: az CLI failed (exit 2): ERROR: unrecognized arguments: --project AI-OSS-Security-Issues

Examples from AI knowledge base:
https://aka.ms/cli_ref
Read more about the command in reference docs
2026-03-29 21:23:23,455 WARNING  ado_client: Failed to fetch work item 204408: az CLI failed (exit 2): ERROR: unrecognized arguments: --project AI-OSS-Security-Issues

Examples from AI knowledge base:
https://aka.ms/cli_ref
Read more about the command in reference docs
2026-03-29 21:23:23,455 INFO     ado_client: Fetched 50 / 90 work items...
2026-03-29 21:23:25,267 WARNING  ado_client: Failed to fetch work item 204354: az CLI failed (exit 2): ERROR: unrecognized arguments: --project AI-OSS-Security-Issues

Examples from AI knowledge base:
https://aka.ms/cli_ref
Read more about the command in reference docs
2026-03-29 21:23:25,637 WARNING  ado_client: Failed to fetch work item 204409: az CLI failed (exit 2): ERROR: unrecognized arguments: --project AI-OSS-Security-Issues

Examples from AI knowledge base:
https://aka.ms/cli_ref
Read more about the command in reference docs
2026-03-29 21:23:27,187 WARNING  ado_client: Failed to fetch work item 204355: az CLI failed (exit 2): ERROR: unrecognized arguments: --project AI-OSS-Security-Issues

Examples from AI knowledge base:
https://aka.ms/cli_ref
Read more about the command in reference docs
2026-03-29 21:23:27,544 WARNING  ado_client: Failed to fetch work item 204410: az CLI failed (exit 2): ERROR: unrecognized arguments: --project AI-OSS-Security-Issues

Examples from AI knowledge base:
https://aka.ms/cli_ref
Read more about the command in reference docs
2026-03-29 21:23:29,313 WARNING  ado_client: Failed to fetch work item 204356: az CLI failed (exit 2): ERROR: unrecognized arguments: --project AI-OSS-Security-Issues

Examples from AI knowledge base:
https://aka.ms/cli_ref
Read more about the command in reference docs
2026-03-29 21:23:29,604 WARNING  ado_client: Failed to fetch work item 204411: az CLI failed (exit 2): ERROR: unrecognized arguments: --project AI-OSS-Security-Issues

Examples from AI knowledge base:
https://aka.ms/cli_ref
Read more about the command in reference docs
2026-03-29 21:23:30,818 INFO     ado_client: Azure DevOps CLI extension available and working
2026-03-29 21:23:30,818 INFO     ado_client: Using Azure DevOps CLI (Entra ID via az login)
2026-03-29 21:23:30,820 INFO     root: Running ADO query dcd00d8e-b2ef-43f2-8d5c-abab82698059 ...
2026-03-29 21:23:31,411 WARNING  ado_client: Failed to fetch work item 204359: az CLI failed (exit 2): ERROR: unrecognized arguments: --project AI-OSS-Security-Issues

Examples from AI knowledge base:
https://aka.ms/cli_ref
Read more about the command in reference docs
2026-03-29 21:23:31,736 WARNING  ado_client: Failed to fetch work item 204412: az CLI failed (exit 2): ERROR: unrecognized arguments: --project AI-OSS-Security-Issues

Examples from AI knowledge base:
https://aka.ms/cli_ref
Read more about the command in reference docs
2026-03-29 21:23:33,599 WARNING  ado_client: Failed to fetch work item 204360: az CLI failed (exit 2): ERROR: unrecognized arguments: --project AI-OSS-Security-Issues

Examples from AI knowledge base:
https://aka.ms/cli_ref
Read more about the command in reference docs
2026-03-29 21:23:33,786 WARNING  ado_client: Failed to fetch work item 204413: az CLI failed (exit 2): ERROR: unrecognized arguments: --project AI-OSS-Security-Issues

Examples from AI knowledge base:
https://aka.ms/cli_ref
Read more about the command in reference docs
2026-03-29 21:23:34,322 INFO     root: Query returned 90 work item IDs
2026-03-29 21:23:35,791 WARNING  ado_client: Failed to fetch work item 204361: az CLI failed (exit 2): ERROR: unrecognized arguments: --project AI-OSS-Security-Issues

Examples from AI knowledge base:
https://aka.ms/cli_ref
Read more about the command in reference docs
2026-03-29 21:23:35,992 WARNING  ado_client: Failed to fetch work item 204414: az CLI failed (exit 2): ERROR: unrecognized arguments: --project AI-OSS-Security-Issues

Examples from AI knowledge base:
https://aka.ms/cli_ref
Read more about the command in reference docs
2026-03-29 21:23:37,871 WARNING  ado_client: Failed to fetch work item 204362: az CLI failed (exit 2): ERROR: unrecognized arguments: --project AI-OSS-Security-Issues

Examples from AI knowledge base:
https://aka.ms/cli_ref
Read more about the command in reference docs
2026-03-29 21:23:38,099 WARNING  ado_client: Failed to fetch work item 204415: az CLI failed (exit 2): ERROR: unrecognized arguments: --project AI-OSS-Security-Issues

Examples from AI knowledge base:
https://aka.ms/cli_ref
Read more about the command in reference docs
2026-03-29 21:23:40,005 WARNING  ado_client: Failed to fetch work item 204363: az CLI failed (exit 2): ERROR: unrecognized arguments: --project AI-OSS-Security-Issues

Examples from AI knowledge base:
https://aka.ms/cli_ref
Read more about the command in reference docs
2026-03-29 21:23:40,291 WARNING  ado_client: Failed to fetch work item 204416: az CLI failed (exit 2): ERROR: unrecognized arguments: --project AI-OSS-Security-Issues

Examples from AI knowledge base:
https://aka.ms/cli_ref
Read more about the command in reference docs
2026-03-29 21:23:42,304 WARNING  ado_client: Failed to fetch work item 204364: az CLI failed (exit 2): ERROR: unrecognized arguments: --project AI-OSS-Security-Issues

Examples from AI knowledge base:
https://aka.ms/cli_ref
Read more about the command in reference docs
2026-03-29 21:23:42,473 WARNING  ado_client: Failed to fetch work item 204419: az CLI failed (exit 2): ERROR: unrecognized arguments: --project AI-OSS-Security-Issues

Examples from AI knowledge base:
https://aka.ms/cli_ref
Read more about the command in reference docs
2026-03-29 21:23:44,459 WARNING  ado_client: Failed to fetch work item 204365: az CLI failed (exit 2): ERROR: unrecognized arguments: --project AI-OSS-Security-Issues

Examples from AI knowledge base:
https://aka.ms/cli_ref
Read more about the command in reference docs
2026-03-29 21:23:44,613 WARNING  ado_client: Failed to fetch work item 204421: az CLI failed (exit 2): ERROR: unrecognized arguments: --project AI-OSS-Security-Issues

Examples from AI knowledge base:
https://aka.ms/cli_ref
Read more about the command in reference docs
2026-03-29 21:23:46,525 WARNING  ado_client: Failed to fetch work item 204366: az CLI failed (exit 2): ERROR: unrecognized arguments: --project AI-OSS-Security-Issues

Examples from AI knowledge base:
https://aka.ms/cli_ref
Read more about the command in reference docs
2026-03-29 21:23:46,526 INFO     ado_client: Fetched 25 / 90 work items...
2026-03-29 21:23:46,633 WARNING  ado_client: Failed to fetch work item 204422: az CLI failed (exit 2): ERROR: unrecognized arguments: --project AI-OSS-Security-Issues

Examples from AI knowledge base:
https://aka.ms/cli_ref
Read more about the command in reference docs
2026-03-29 21:23:48,772 WARNING  ado_client: Failed to fetch work item 204423: az CLI failed (exit 2): ERROR: unrecognized arguments: --project AI-OSS-Security-Issues

Examples from AI knowledge base:
https://aka.ms/cli_ref
Read more about the command in reference docs
2026-03-29 21:23:48,857 WARNING  ado_client: Failed to fetch work item 204367: az CLI failed (exit 2): ERROR: unrecognized arguments: --project AI-OSS-Security-Issues

Examples from AI knowledge base:
https://aka.ms/cli_ref
Read more about the command in reference docs
2026-03-29 21:23:51,024 WARNING  ado_client: Failed to fetch work item 204368: az CLI failed (exit 2): ERROR: unrecognized arguments: --project AI-OSS-Security-Issues

Examples from AI knowledge base:
https://aka.ms/cli_ref
Read more about the command in reference docs
2026-03-29 21:23:51,024 WARNING  ado_client: Failed to fetch work item 204424: az CLI failed (exit 2): ERROR: unrecognized arguments: --project AI-OSS-Security-Issues

Examples from AI knowledge base:
https://aka.ms/cli_ref
Read more about the command in reference docs
2026-03-29 21:23:53,160 WARNING  ado_client: Failed to fetch work item 204425: az CLI failed (exit 2): ERROR: unrecognized arguments: --project AI-OSS-Security-Issues

Examples from AI knowledge base:
https://aka.ms/cli_ref
Read more about the command in reference docs
2026-03-29 21:23:53,183 WARNING  ado_client: Failed to fetch work item 204369: az CLI failed (exit 2): ERROR: unrecognized arguments: --project AI-OSS-Security-Issues

Examples from AI knowledge base:
https://aka.ms/cli_ref
Read more about the command in reference docs
2026-03-29 21:23:55,975 WARNING  ado_client: Failed to fetch work item 204370: az CLI failed (exit 2): ERROR: unrecognized arguments: --project AI-OSS-Security-Issues

Examples from AI knowledge base:
https://aka.ms/cli_ref
Read more about the command in reference docs
2026-03-29 21:23:55,977 WARNING  ado_client: Failed to fetch work item 204426: az CLI failed (exit 2): ERROR: unrecognized arguments: --project AI-OSS-Security-Issues

Examples from AI knowledge base:
https://aka.ms/cli_ref
Read more about the command in reference docs
2026-03-29 21:23:58,135 WARNING  ado_client: Failed to fetch work item 204427: az CLI failed (exit 2): ERROR: unrecognized arguments: --project AI-OSS-Security-Issues

Examples from AI knowledge base:
https://aka.ms/cli_ref
Read more about the command in reference docs
2026-03-29 21:23:58,140 WARNING  ado_client: Failed to fetch work item 204371: az CLI failed (exit 2): ERROR: unrecognized arguments: --project AI-OSS-Security-Issues

Examples from AI knowledge base:
https://aka.ms/cli_ref
Read more about the command in reference docs
2026-03-29 21:24:00,334 WARNING  ado_client: Failed to fetch work item 204428: az CLI failed (exit 2): ERROR: unrecognized arguments: --project AI-OSS-Security-Issues

Examples from AI knowledge base:
https://aka.ms/cli_ref
Read more about the command in reference docs
2026-03-29 21:24:00,355 WARNING  ado_client: Failed to fetch work item 204374: az CLI failed (exit 2): ERROR: unrecognized arguments: --project AI-OSS-Security-Issues

Examples from AI knowledge base:
https://aka.ms/cli_ref
Read more about the command in reference docs
2026-03-29 21:24:02,416 WARNING  ado_client: Failed to fetch work item 204429: az CLI failed (exit 2): ERROR: unrecognized arguments: --project AI-OSS-Security-Issues

Examples from AI knowledge base:
https://aka.ms/cli_ref
Read more about the command in reference docs
2026-03-29 21:24:02,426 WARNING  ado_client: Failed to fetch work item 204375: az CLI failed (exit 2): ERROR: unrecognized arguments: --project AI-OSS-Security-Issues

Examples from AI knowledge base:
https://aka.ms/cli_ref
Read more about the command in reference docs
2026-03-29 21:24:04,638 WARNING  ado_client: Failed to fetch work item 204430: az CLI failed (exit 2): ERROR: unrecognized arguments: --project AI-OSS-Security-Issues

Examples from AI knowledge base:
https://aka.ms/cli_ref
Read more about the command in reference docs
2026-03-29 21:24:04,638 WARNING  ado_client: Failed to fetch work item 204376: az CLI failed (exit 2): ERROR: unrecognized arguments: --project AI-OSS-Security-Issues

Examples from AI knowledge base:
https://aka.ms/cli_ref
Read more about the command in reference docs
2026-03-29 21:24:06,866 WARNING  ado_client: Failed to fetch work item 204377: az CLI failed (exit 2): ERROR: unrecognized arguments: --project AI-OSS-Security-Issues

Examples from AI knowledge base:
https://aka.ms/cli_ref
Read more about the command in reference docs
2026-03-29 21:24:06,867 WARNING  ado_client: Failed to fetch work item 204431: az CLI failed (exit 2): ERROR: unrecognized arguments: --project AI-OSS-Security-Issues

Examples from AI knowledge base:
https://aka.ms/cli_ref
Read more about the command in reference docs
2026-03-29 21:24:09,046 WARNING  ado_client: Failed to fetch work item 204378: az CLI failed (exit 2): ERROR: unrecognized arguments: --project AI-OSS-Security-Issues

Examples from AI knowledge base:
https://aka.ms/cli_ref
Read more about the command in reference docs
2026-03-29 21:24:09,082 WARNING  ado_client: Failed to fetch work item 204432: az CLI failed (exit 2): ERROR: unrecognized arguments: --project AI-OSS-Security-Issues

Examples from AI knowledge base:
https://aka.ms/cli_ref
Read more about the command in reference docs
2026-03-29 21:24:11,197 WARNING  ado_client: Failed to fetch work item 204380: az CLI failed (exit 2): ERROR: unrecognized arguments: --project AI-OSS-Security-Issues

Examples from AI knowledge base:
https://aka.ms/cli_ref
Read more about the command in reference docs
2026-03-29 21:24:11,279 WARNING  ado_client: Failed to fetch work item 204433: az CLI failed (exit 2): ERROR: unrecognized arguments: --project AI-OSS-Security-Issues

Examples from AI knowledge base:
https://aka.ms/cli_ref
Read more about the command in reference docs
2026-03-29 21:24:13,369 WARNING  ado_client: Failed to fetch work item 204434: az CLI failed (exit 2): ERROR: unrecognized arguments: --project AI-OSS-Security-Issues

Examples from AI knowledge base:
https://aka.ms/cli_ref
Read more about the command in reference docs
2026-03-29 21:24:13,375 WARNING  ado_client: Failed to fetch work item 204381: az CLI failed (exit 2): ERROR: unrecognized arguments: --project AI-OSS-Security-Issues

Examples from AI knowledge base:
https://aka.ms/cli_ref
Read more about the command in reference docs
2026-03-29 21:24:15,629 WARNING  ado_client: Failed to fetch work item 204382: az CLI failed (exit 2): ERROR: unrecognized arguments: --project AI-OSS-Security-Issues

Examples from AI knowledge base:
https://aka.ms/cli_ref
Read more about the command in reference docs
2026-03-29 21:24:15,635 WARNING  ado_client: Failed to fetch work item 204436: az CLI failed (exit 2): ERROR: unrecognized arguments: --project AI-OSS-Security-Issues

Examples from AI knowledge base:
https://aka.ms/cli_ref
Read more about the command in reference docs
2026-03-29 21:24:18,004 WARNING  ado_client: Failed to fetch work item 204437: az CLI failed (exit 2): ERROR: unrecognized arguments: --project AI-OSS-Security-Issues

Examples from AI knowledge base:
https://aka.ms/cli_ref
Read more about the command in reference docs
2026-03-29 21:24:18,004 INFO     ado_client: Fetched 75 / 90 work items...
2026-03-29 21:24:18,028 WARNING  ado_client: Failed to fetch work item 204383: az CLI failed (exit 2): ERROR: unrecognized arguments: --project AI-OSS-Security-Issues

Examples from AI knowledge base:
https://aka.ms/cli_ref
Read more about the command in reference docs
2026-03-29 21:24:20,471 WARNING  ado_client: Failed to fetch work item 204384: az CLI failed (exit 2): ERROR: unrecognized arguments: --project AI-OSS-Security-Issues

Examples from AI knowledge base:
https://aka.ms/cli_ref
Read more about the command in reference docs
2026-03-29 21:24:20,642 WARNING  ado_client: Failed to fetch work item 204438: az CLI failed (exit 2): ERROR: unrecognized arguments: --project AI-OSS-Security-Issues

Examples from AI knowledge base:
https://aka.ms/cli_ref
Read more about the command in reference docs
2026-03-29 21:24:22,550 WARNING  ado_client: Failed to fetch work item 204385: az CLI failed (exit 2): ERROR: unrecognized arguments: --project AI-OSS-Security-Issues

Examples from AI knowledge base:
https://aka.ms/cli_ref
Read more about the command in reference docs
2026-03-29 21:24:22,687 WARNING  ado_client: Failed to fetch work item 204439: az CLI failed (exit 2): ERROR: unrecognized arguments: --project AI-OSS-Security-Issues

Examples from AI knowledge base:
https://aka.ms/cli_ref
Read more about the command in reference docs
2026-03-29 21:24:24,705 WARNING  ado_client: Failed to fetch work item 204386: az CLI failed (exit 2): ERROR: unrecognized arguments: --project AI-OSS-Security-Issues

Examples from AI knowledge base:
https://aka.ms/cli_ref
Read more about the command in reference docs
2026-03-29 21:24:24,855 WARNING  ado_client: Failed to fetch work item 204440: az CLI failed (exit 2): ERROR: unrecognized arguments: --project AI-OSS-Security-Issues

Examples from AI knowledge base:
https://aka.ms/cli_ref
Read more about the command in reference docs
2026-03-29 21:24:26,893 WARNING  ado_client: Failed to fetch work item 204387: az CLI failed (exit 2): ERROR: unrecognized arguments: --project AI-OSS-Security-Issues

Examples from AI knowledge base:
https://aka.ms/cli_ref
Read more about the command in reference docs
2026-03-29 21:24:27,154 WARNING  ado_client: Failed to fetch work item 204442: az CLI failed (exit 2): ERROR: unrecognized arguments: --project AI-OSS-Security-Issues

Examples from AI knowledge base:
https://aka.ms/cli_ref
Read more about the command in reference docs
2026-03-29 21:24:30,078 WARNING  ado_client: Failed to fetch work item 204388: az CLI failed (exit 2): ERROR: unrecognized arguments: --project AI-OSS-Security-Issues

Examples from AI knowledge base:
https://aka.ms/cli_ref
Read more about the command in reference docs
2026-03-29 21:24:30,079 WARNING  ado_client: Failed to fetch work item 204443: az CLI failed (exit 2): ERROR: unrecognized arguments: --project AI-OSS-Security-Issues

Examples from AI knowledge base:
https://aka.ms/cli_ref
Read more about the command in reference docs
2026-03-29 21:24:32,459 WARNING  ado_client: Failed to fetch work item 204444: az CLI failed (exit 2): ERROR: unrecognized arguments: --project AI-OSS-Security-Issues

Examples from AI knowledge base:
https://aka.ms/cli_ref
Read more about the command in reference docs
2026-03-29 21:24:32,465 WARNING  ado_client: Failed to fetch work item 204389: az CLI failed (exit 2): ERROR: unrecognized arguments: --project AI-OSS-Security-Issues

Examples from AI knowledge base:
https://aka.ms/cli_ref
Read more about the command in reference docs
2026-03-29 21:24:34,690 WARNING  ado_client: Failed to fetch work item 204445: az CLI failed (exit 2): ERROR: unrecognized arguments: --project AI-OSS-Security-Issues

Examples from AI knowledge base:
https://aka.ms/cli_ref
Read more about the command in reference docs
2026-03-29 21:24:34,798 WARNING  ado_client: Failed to fetch work item 204403: az CLI failed (exit 2): ERROR: unrecognized arguments: --project AI-OSS-Security-Issues

Examples from AI knowledge base:
https://aka.ms/cli_ref
Read more about the command in reference docs
2026-03-29 21:24:36,844 WARNING  ado_client: Failed to fetch work item 204446: az CLI failed (exit 2): ERROR: unrecognized arguments: --project AI-OSS-Security-Issues

Examples from AI knowledge base:
https://aka.ms/cli_ref
Read more about the command in reference docs
2026-03-29 21:24:36,896 WARNING  ado_client: Failed to fetch work item 204404: az CLI failed (exit 2): ERROR: unrecognized arguments: --project AI-OSS-Security-Issues

Examples from AI knowledge base:
https://aka.ms/cli_ref
Read more about the command in reference docs
2026-03-29 21:24:39,010 WARNING  ado_client: Failed to fetch work item 204447: az CLI failed (exit 2): ERROR: unrecognized arguments: --project AI-OSS-Security-Issues

Examples from AI knowledge base:
https://aka.ms/cli_ref
Read more about the command in reference docs
2026-03-29 21:24:39,012 WARNING  ado_client: Failed to fetch work item 204405: az CLI failed (exit 2): ERROR: unrecognized arguments: --project AI-OSS-Security-Issues

Examples from AI knowledge base:
https://aka.ms/cli_ref
Read more about the command in reference docs
2026-03-29 21:24:41,296 WARNING  ado_client: Failed to fetch work item 204406: az CLI failed (exit 2): ERROR: unrecognized arguments: --project AI-OSS-Security-Issues

Examples from AI knowledge base:
https://aka.ms/cli_ref
Read more about the command in reference docs
2026-03-29 21:24:41,316 WARNING  ado_client: Failed to fetch work item 204448: az CLI failed (exit 2): ERROR: unrecognized arguments: --project AI-OSS-Security-Issues

Examples from AI knowledge base:
https://aka.ms/cli_ref
Read more about the command in reference docs
2026-03-29 21:24:43,377 WARNING  ado_client: Failed to fetch work item 204449: az CLI failed (exit 2): ERROR: unrecognized arguments: --project AI-OSS-Security-Issues

Examples from AI knowledge base:
https://aka.ms/cli_ref
Read more about the command in reference docs
2026-03-29 21:24:43,419 WARNING  ado_client: Failed to fetch work item 204408: az CLI failed (exit 2): ERROR: unrecognized arguments: --project AI-OSS-Security-Issues

Examples from AI knowledge base:
https://aka.ms/cli_ref
Read more about the command in reference docs
2026-03-29 21:24:43,419 INFO     ado_client: Fetched 50 / 90 work items...
2026-03-29 21:24:45,427 WARNING  ado_client: Failed to fetch work item 204450: az CLI failed (exit 2): ERROR: unrecognized arguments: --project AI-OSS-Security-Issues

Examples from AI knowledge base:
https://aka.ms/cli_ref
Read more about the command in reference docs
2026-03-29 21:24:45,745 WARNING  ado_client: Failed to fetch work item 204409: az CLI failed (exit 2): ERROR: unrecognized arguments: --project AI-OSS-Security-Issues

Examples from AI knowledge base:
https://aka.ms/cli_ref
Read more about the command in reference docs
2026-03-29 21:24:47,742 WARNING  ado_client: Failed to fetch work item 204453: az CLI failed (exit 2): ERROR: unrecognized arguments: --project AI-OSS-Security-Issues

Examples from AI knowledge base:
https://aka.ms/cli_ref
Read more about the command in reference docs
2026-03-29 21:24:48,060 WARNING  ado_client: Failed to fetch work item 204410: az CLI failed (exit 2): ERROR: unrecognized arguments: --project AI-OSS-Security-Issues

Examples from AI knowledge base:
https://aka.ms/cli_ref
Read more about the command in reference docs
2026-03-29 21:24:49,779 WARNING  ado_client: Failed to fetch work item 204455: az CLI failed (exit 2): ERROR: unrecognized arguments: --project AI-OSS-Security-Issues

Examples from AI knowledge base:
https://aka.ms/cli_ref
Read more about the command in reference docs
2026-03-29 21:24:50,124 WARNING  ado_client: Failed to fetch work item 204411: az CLI failed (exit 2): ERROR: unrecognized arguments: --project AI-OSS-Security-Issues

Examples from AI knowledge base:
https://aka.ms/cli_ref
Read more about the command in reference docs
2026-03-29 21:24:51,781 WARNING  ado_client: Failed to fetch work item 204458: az CLI failed (exit 2): ERROR: unrecognized arguments: --project AI-OSS-Security-Issues

Examples from AI knowledge base:
https://aka.ms/cli_ref
Read more about the command in reference docs
2026-03-29 21:24:51,781 INFO     root: Fetched 0 work items with full details
2026-03-29 21:24:51,783 INFO     dependency_resolver: Resolving dependencies for langchain4j/langchain4j:1.12.2 from GitHub...
2026-03-29 21:24:51,964 INFO     ado_client: Fetched 25 / 90 work items...
2026-03-29 21:24:52,235 WARNING  ado_client: Failed to fetch work item 204412: az CLI failed (exit 2): ERROR: unrecognized arguments: --project AI-OSS-Security-Issues

Examples from AI knowledge base:
https://aka.ms/cli_ref
Read more about the command in reference docs
2026-03-29 21:24:52,462 INFO     dependency_resolver: Found release tag: 1.12.2
2026-03-29 21:24:53,171 INFO     dependency_resolver: Found 107 pom.xml files in langchain4j/langchain4j@1.12.2
2026-03-29 21:24:54,156 WARNING  ado_client: Failed to fetch work item 204413: az CLI failed (exit 2): ERROR: unrecognized arguments: --project AI-OSS-Security-Issues

Examples from AI knowledge base:
https://aka.ms/cli_ref
Read more about the command in reference docs
2026-03-29 21:24:56,140 WARNING  ado_client: Failed to fetch work item 204414: az CLI failed (exit 2): ERROR: unrecognized arguments: --project AI-OSS-Security-Issues

Examples from AI knowledge base:
https://aka.ms/cli_ref
Read more about the command in reference docs
2026-03-29 21:24:57,988 WARNING  ado_client: Failed to fetch work item 204415: az CLI failed (exit 2): ERROR: unrecognized arguments: --project AI-OSS-Security-Issues

Examples from AI knowledge base:
https://aka.ms/cli_ref
Read more about the command in reference docs
2026-03-29 21:25:00,037 WARNING  ado_client: Failed to fetch work item 204416: az CLI failed (exit 2): ERROR: unrecognized arguments: --project AI-OSS-Security-Issues

Examples from AI knowledge base:
https://aka.ms/cli_ref
Read more about the command in reference docs
2026-03-29 21:25:02,639 WARNING  ado_client: Failed to fetch work item 204419: az CLI failed (exit 2): ERROR: unrecognized arguments: --project AI-OSS-Security-Issues

Examples from AI knowledge base:
https://aka.ms/cli_ref
Read more about the command in reference docs
2026-03-29 21:25:04,478 WARNING  ado_client: Failed to fetch work item 204421: az CLI failed (exit 2): ERROR: unrecognized arguments: --project AI-OSS-Security-Issues

Examples from AI knowledge base:
https://aka.ms/cli_ref
Read more about the command in reference docs
2026-03-29 21:25:06,547 WARNING  ado_client: Failed to fetch work item 204422: az CLI failed (exit 2): ERROR: unrecognized arguments: --project AI-OSS-Security-Issues

Examples from AI knowledge base:
https://aka.ms/cli_ref
Read more about the command in reference docs
2026-03-29 21:25:08,441 WARNING  ado_client: Failed to fetch work item 204423: az CLI failed (exit 2): ERROR: unrecognized arguments: --project AI-OSS-Security-Issues

Examples from AI knowledge base:
https://aka.ms/cli_ref
Read more about the command in reference docs
2026-03-29 21:25:10,434 WARNING  ado_client: Failed to fetch work item 204424: az CLI failed (exit 2): ERROR: unrecognized arguments: --project AI-OSS-Security-Issues

Examples from AI knowledge base:
https://aka.ms/cli_ref
Read more about the command in reference docs
2026-03-29 21:25:12,381 WARNING  ado_client: Failed to fetch work item 204425: az CLI failed (exit 2): ERROR: unrecognized arguments: --project AI-OSS-Security-Issues

Examples from AI knowledge base:
https://aka.ms/cli_ref
Read more about the command in reference docs
2026-03-29 21:25:14,245 WARNING  ado_client: Failed to fetch work item 204426: az CLI failed (exit 2): ERROR: unrecognized arguments: --project AI-OSS-Security-Issues

Examples from AI knowledge base:
https://aka.ms/cli_ref
Read more about the command in reference docs
2026-03-29 21:25:16,103 WARNING  ado_client: Failed to fetch work item 204427: az CLI failed (exit 2): ERROR: unrecognized arguments: --project AI-OSS-Security-Issues

Examples from AI knowledge base:
https://aka.ms/cli_ref
Read more about the command in reference docs
2026-03-29 21:25:18,039 WARNING  ado_client: Failed to fetch work item 204428: az CLI failed (exit 2): ERROR: unrecognized arguments: --project AI-OSS-Security-Issues

Examples from AI knowledge base:
https://aka.ms/cli_ref
Read more about the command in reference docs
2026-03-29 21:25:19,936 WARNING  ado_client: Failed to fetch work item 204429: az CLI failed (exit 2): ERROR: unrecognized arguments: --project AI-OSS-Security-Issues

Examples from AI knowledge base:
https://aka.ms/cli_ref
Read more about the command in reference docs
2026-03-29 21:25:21,003 INFO     dependency_resolver: Resolved 136 managed + 107 declared deps for langchain4j/langchain4j 1.12.2
2026-03-29 21:25:21,008 INFO     dependency_resolver: Resolving dependencies for spring-projects/spring-ai:1.1.4 from GitHub...
2026-03-29 21:25:21,256 INFO     dependency_resolver: Found release tag: v1.1.4
2026-03-29 21:25:21,780 INFO     dependency_resolver: Found 177 pom.xml files in spring-projects/spring-ai@v1.1.4
2026-03-29 21:25:21,884 WARNING  ado_client: Failed to fetch work item 204430: az CLI failed (exit 2): ERROR: unrecognized arguments: --project AI-OSS-Security-Issues

Examples from AI knowledge base:
https://aka.ms/cli_ref
Read more about the command in reference docs
2026-03-29 21:25:23,857 WARNING  ado_client: Failed to fetch work item 204431: az CLI failed (exit 2): ERROR: unrecognized arguments: --project AI-OSS-Security-Issues

Examples from AI knowledge base:
https://aka.ms/cli_ref
Read more about the command in reference docs
2026-03-29 21:25:25,877 WARNING  ado_client: Failed to fetch work item 204432: az CLI failed (exit 2): ERROR: unrecognized arguments: --project AI-OSS-Security-Issues

Examples from AI knowledge base:
https://aka.ms/cli_ref
Read more about the command in reference docs
2026-03-29 21:25:27,745 WARNING  ado_client: Failed to fetch work item 204433: az CLI failed (exit 2): ERROR: unrecognized arguments: --project AI-OSS-Security-Issues

Examples from AI knowledge base:
https://aka.ms/cli_ref
Read more about the command in reference docs
2026-03-29 21:25:29,685 WARNING  ado_client: Failed to fetch work item 204434: az CLI failed (exit 2): ERROR: unrecognized arguments: --project AI-OSS-Security-Issues

Examples from AI knowledge base:
https://aka.ms/cli_ref
Read more about the command in reference docs
2026-03-29 21:25:31,801 WARNING  ado_client: Failed to fetch work item 204436: az CLI failed (exit 2): ERROR: unrecognized arguments: --project AI-OSS-Security-Issues

Examples from AI knowledge base:
https://aka.ms/cli_ref
Read more about the command in reference docs
2026-03-29 21:25:33,668 WARNING  ado_client: Failed to fetch work item 204437: az CLI failed (exit 2): ERROR: unrecognized arguments: --project AI-OSS-Security-Issues

Examples from AI knowledge base:
https://aka.ms/cli_ref
Read more about the command in reference docs
2026-03-29 21:25:33,668 INFO     ado_client: Fetched 75 / 90 work items...
2026-03-29 21:25:36,433 WARNING  ado_client: Failed to fetch work item 204438: az CLI failed (exit 2): ERROR: unrecognized arguments: --project AI-OSS-Security-Issues

Examples from AI knowledge base:
https://aka.ms/cli_ref
Read more about the command in reference docs
2026-03-29 21:25:38,439 WARNING  ado_client: Failed to fetch work item 204439: az CLI failed (exit 2): ERROR: unrecognized arguments: --project AI-OSS-Security-Issues

Examples from AI knowledge base:
https://aka.ms/cli_ref
Read more about the command in reference docs
2026-03-29 21:25:40,393 WARNING  ado_client: Failed to fetch work item 204440: az CLI failed (exit 2): ERROR: unrecognized arguments: --project AI-OSS-Security-Issues

Examples from AI knowledge base:
https://aka.ms/cli_ref
Read more about the command in reference docs
2026-03-29 21:25:42,288 WARNING  ado_client: Failed to fetch work item 204442: az CLI failed (exit 2): ERROR: unrecognized arguments: --project AI-OSS-Security-Issues

Examples from AI knowledge base:
https://aka.ms/cli_ref
Read more about the command in reference docs
2026-03-29 21:25:44,259 WARNING  ado_client: Failed to fetch work item 204443: az CLI failed (exit 2): ERROR: unrecognized arguments: --project AI-OSS-Security-Issues

Examples from AI knowledge base:
https://aka.ms/cli_ref
Read more about the command in reference docs
2026-03-29 21:25:46,239 WARNING  ado_client: Failed to fetch work item 204444: az CLI failed (exit 2): ERROR: unrecognized arguments: --project AI-OSS-Security-Issues

Examples from AI knowledge base:
https://aka.ms/cli_ref
Read more about the command in reference docs
2026-03-29 21:25:48,142 WARNING  ado_client: Failed to fetch work item 204445: az CLI failed (exit 2): ERROR: unrecognized arguments: --project AI-OSS-Security-Issues

Examples from AI knowledge base:
https://aka.ms/cli_ref
Read more about the command in reference docs
2026-03-29 21:25:49,980 WARNING  ado_client: Failed to fetch work item 204446: az CLI failed (exit 2): ERROR: unrecognized arguments: --project AI-OSS-Security-Issues

Examples from AI knowledge base:
https://aka.ms/cli_ref
Read more about the command in reference docs
2026-03-29 21:25:51,871 WARNING  ado_client: Failed to fetch work item 204447: az CLI failed (exit 2): ERROR: unrecognized arguments: --project AI-OSS-Security-Issues

Examples from AI knowledge base:
https://aka.ms/cli_ref
Read more about the command in reference docs
2026-03-29 21:25:53,729 WARNING  ado_client: Failed to fetch work item 204448: az CLI failed (exit 2): ERROR: unrecognized arguments: --project AI-OSS-Security-Issues

Examples from AI knowledge base:
https://aka.ms/cli_ref
Read more about the command in reference docs
2026-03-29 21:25:55,545 WARNING  ado_client: Failed to fetch work item 204449: az CLI failed (exit 2): ERROR: unrecognized arguments: --project AI-OSS-Security-Issues

Examples from AI knowledge base:
https://aka.ms/cli_ref
Read more about the command in reference docs
2026-03-29 21:25:57,444 WARNING  ado_client: Failed to fetch work item 204450: az CLI failed (exit 2): ERROR: unrecognized arguments: --project AI-OSS-Security-Issues

Examples from AI knowledge base:
https://aka.ms/cli_ref
Read more about the command in reference docs
2026-03-29 21:25:59,370 WARNING  ado_client: Failed to fetch work item 204453: az CLI failed (exit 2): ERROR: unrecognized arguments: --project AI-OSS-Security-Issues

Examples from AI knowledge base:
https://aka.ms/cli_ref
Read more about the command in reference docs
2026-03-29 21:26:01,332 WARNING  ado_client: Failed to fetch work item 204455: az CLI failed (exit 2): ERROR: unrecognized arguments: --project AI-OSS-Security-Issues

Examples from AI knowledge base:
https://aka.ms/cli_ref
Read more about the command in reference docs
2026-03-29 21:26:03,339 WARNING  ado_client: Failed to fetch work item 204458: az CLI failed (exit 2): ERROR: unrecognized arguments: --project AI-OSS-Security-Issues

Examples from AI knowledge base:
https://aka.ms/cli_ref
Read more about the command in reference docs
2026-03-29 21:26:03,339 INFO     root: Fetched 0 work items with full details
2026-03-29 21:26:03,341 INFO     dependency_resolver: Using cached dependency data for langchain4j/langchain4j:1.12.2
2026-03-29 21:26:03,345 INFO     dependency_resolver: Resolving dependencies for spring-projects/spring-ai:1.1.4 from GitHub...
2026-03-29 21:26:03,791 INFO     dependency_resolver: Found release tag: v1.1.4
2026-03-29 21:26:04,248 INFO     ado_client: Fetched 50 / 90 work items...
2026-03-29 21:26:04,510 INFO     dependency_resolver: Found 177 pom.xml files in spring-projects/spring-ai@v1.1.4
2026-03-29 21:26:08,998 INFO     dependency_resolver: Resolved 187 managed + 174 declared deps for spring-projects/spring-ai 1.1.4
2026-03-29 21:26:09,004 WARNING  root: No qualifying work items (state=To Do, priority=1).
2026-03-29 21:26:44,072 INFO     ado_client: Azure DevOps CLI extension available and working
2026-03-29 21:26:44,072 INFO     ado_client: Using Azure DevOps CLI (Entra ID via az login)
2026-03-29 21:26:44,074 INFO     root: Running ADO query dcd00d8e-b2ef-43f2-8d5c-abab82698059 ...
2026-03-29 21:26:46,882 INFO     root: Query returned 90 work item IDs
2026-03-29 21:27:57,146 INFO     ado_client: Fetched 25 / 90 work items...
2026-03-29 21:29:06,622 INFO     ado_client: Fetched 50 / 90 work items...
2026-03-29 21:30:24,217 INFO     ado_client: Fetched 75 / 90 work items...
2026-03-29 21:31:06,214 INFO     root: Fetched 90 work items with full details
2026-03-29 21:31:06,217 INFO     dependency_resolver: Using cached dependency data for langchain4j/langchain4j:1.12.2
2026-03-29 21:31:06,223 INFO     dependency_resolver: Using cached dependency data for spring-projects/spring-ai:1.1.4
2026-03-29 21:31:06,243 INFO     report_generator: Report written to analysis-report.md
2026-03-29 21:31:06,249 INFO     report_generator: Analysis data written to analysis-report.json
2026-03-29 21:55:32,748 INFO     ado_client: Azure DevOps CLI extension available and working
2026-03-29 21:55:32,748 INFO     ado_client: Using Azure DevOps CLI (Entra ID via az login)
2026-03-29 21:55:32,751 INFO     root: Running ADO query dcd00d8e-b2ef-43f2-8d5c-abab82698059 ...
2026-03-29 21:55:35,627 INFO     root: Query returned 90 work item IDs
2026-03-29 21:56:45,169 INFO     ado_client: Fetched 25 / 90 work items...
2026-03-29 21:57:56,193 INFO     ado_client: Fetched 50 / 90 work items...
2026-03-29 21:59:08,030 INFO     ado_client: Fetched 75 / 90 work items...
2026-03-29 21:59:50,476 INFO     root: Fetched 90 work items with full details
2026-03-29 21:59:50,477 INFO     dependency_resolver: Resolving dependencies for langchain4j/langchain4j:1.12.2 from GitHub...
2026-03-29 21:59:50,988 INFO     dependency_resolver: Found release tag: 1.12.2
2026-03-29 21:59:51,662 INFO     dependency_resolver: Found 107 pom.xml files in langchain4j/langchain4j@1.12.2
2026-03-29 22:00:19,525 INFO     dependency_resolver: Resolved 136 managed + 107 declared deps for langchain4j/langchain4j 1.12.2
2026-03-29 22:00:19,529 INFO     dependency_resolver: Resolving dependencies for spring-projects/spring-ai:1.1.4 from GitHub...
2026-03-29 22:00:19,730 INFO     dependency_resolver: Found release tag: v1.1.4
2026-03-29 22:00:20,332 INFO     dependency_resolver: Found 177 pom.xml files in spring-projects/spring-ai@v1.1.4
2026-03-29 22:01:08,369 INFO     dependency_resolver: Resolved 187 managed + 174 declared deps for spring-projects/spring-ai 1.1.4
2026-03-29 22:01:08,398 INFO     report_generator: Report written to analysis-report.md
2026-03-29 22:01:08,419 INFO     report_generator: Analysis data written to analysis-report.json
2026-03-29 22:04:23,221 INFO     ado_client: Azure DevOps CLI extension available and working
2026-03-29 22:04:23,221 INFO     ado_client: Using Azure DevOps CLI (Entra ID via az login)
2026-03-29 22:04:23,223 INFO     root: Running ADO query dcd00d8e-b2ef-43f2-8d5c-abab82698059 ...
2026-03-29 22:04:26,125 INFO     root: Query returned 90 work item IDs
2026-03-29 22:05:33,062 INFO     ado_client: Fetched 25 / 90 work items...
2026-03-29 22:06:42,369 INFO     ado_client: Fetched 50 / 90 work items...
2026-03-29 22:07:49,404 INFO     ado_client: Fetched 75 / 90 work items...
2026-03-29 22:08:31,197 INFO     root: Fetched 90 work items with full details
2026-03-29 22:08:31,200 INFO     dependency_resolver: Using cached dependency data for langchain4j/langchain4j:1.12.2
2026-03-29 22:08:31,225 INFO     dependency_resolver: Using cached dependency data for spring-projects/spring-ai:1.1.4
2026-03-29 22:08:31,271 INFO     report_generator: Report written to analysis-report.md
2026-03-29 22:08:31,293 INFO     report_generator: Analysis data written to analysis-report.json
2026-03-29 22:21:25,801 INFO     ado_client: Azure DevOps CLI extension available and working
2026-03-29 22:21:25,802 INFO     ado_client: Using Azure DevOps CLI (Entra ID via az login)
2026-03-29 22:21:25,804 INFO     root: Running ADO query dcd00d8e-b2ef-43f2-8d5c-abab82698059 ...
2026-03-29 22:21:28,674 INFO     root: Query returned 90 work item IDs
2026-03-29 22:22:38,643 INFO     ado_client: Fetched 25 / 90 work items...
2026-03-29 22:23:46,742 INFO     ado_client: Fetched 50 / 90 work items...
2026-03-29 22:24:53,381 INFO     ado_client: Fetched 75 / 90 work items...
2026-03-29 22:25:34,505 INFO     root: Fetched 90 work items with full details
2026-03-29 22:25:34,508 INFO     dependency_resolver: Using cached dependency data for langchain4j/langchain4j:1.12.2
2026-03-29 22:25:34,532 INFO     dependency_resolver: Using cached dependency data for spring-projects/spring-ai:1.1.4
2026-03-29 22:25:34,564 INFO     report_generator: Report written to analysis-report.md
2026-03-29 22:25:34,587 INFO     report_generator: Analysis data written to analysis-report.json
2026-03-29 22:44:23,804 INFO     ado_client: Azure DevOps CLI extension available and working
2026-03-29 22:44:23,805 INFO     ado_client: Using Azure DevOps CLI (Entra ID via az login)
2026-03-29 22:44:23,809 INFO     root: Running ADO query dcd00d8e-b2ef-43f2-8d5c-abab82698059 ...
2026-03-29 22:44:27,057 INFO     root: Query returned 90 work item IDs
2026-03-29 22:45:40,269 INFO     ado_client: Fetched 25 / 90 work items...
2026-03-29 22:46:52,082 INFO     ado_client: Fetched 50 / 90 work items...
2026-03-29 22:48:11,663 INFO     ado_client: Fetched 75 / 90 work items...
2026-03-29 22:48:58,555 INFO     root: Fetched 90 work items with full details
2026-03-29 22:48:58,556 INFO     dependency_resolver: Resolving dependencies for langchain4j/langchain4j:1.12.2 from GitHub...
2026-03-29 22:48:59,088 INFO     dependency_resolver: Found release tag: 1.12.2
2026-03-29 22:48:59,847 INFO     dependency_resolver: Found 107 pom.xml files in langchain4j/langchain4j@1.12.2
2026-03-29 22:49:26,500 INFO     dependency_resolver: Resolved 136 managed + 107 declared deps for langchain4j/langchain4j 1.12.2
2026-03-29 22:49:26,505 INFO     dependency_resolver: Resolving dependencies for spring-projects/spring-ai:1.1.4 from GitHub...
2026-03-29 22:49:26,709 INFO     dependency_resolver: Found release tag: v1.1.4
2026-03-29 22:49:27,270 INFO     dependency_resolver: Found 177 pom.xml files in spring-projects/spring-ai@v1.1.4
2026-03-29 22:50:14,679 INFO     dependency_resolver: Resolved 187 managed + 174 declared deps for spring-projects/spring-ai 1.1.4
2026-03-29 22:50:26,717 INFO     report_generator: Report written to analysis-report.md
2026-03-29 22:50:26,741 INFO     report_generator: Analysis data written to analysis-report.json
2026-03-29 22:51:49,061 INFO     ado_client: Azure DevOps CLI extension available and working
2026-03-29 22:51:49,062 INFO     ado_client: Using Azure DevOps CLI (Entra ID via az login)
2026-03-29 22:51:49,067 INFO     root: Running ADO query dcd00d8e-b2ef-43f2-8d5c-abab82698059 ...
2026-03-29 22:51:52,668 INFO     root: Query returned 90 work item IDs
2026-03-29 22:53:19,702 INFO     ado_client: Fetched 25 / 90 work items...
2026-03-29 22:54:37,859 INFO     ado_client: Fetched 50 / 90 work items...
2026-03-29 22:55:51,921 INFO     ado_client: Fetched 75 / 90 work items...
2026-03-29 22:56:35,472 INFO     root: Fetched 90 work items with full details
2026-03-29 22:56:35,475 INFO     dependency_resolver: Using cached dependency data for langchain4j/langchain4j:1.12.2
2026-03-29 22:56:35,483 INFO     dependency_resolver: Using cached dependency data for spring-projects/spring-ai:1.1.4
2026-03-29 22:56:46,790 INFO     report_generator: Report written to analysis-report.md
2026-03-29 22:56:46,798 INFO     report_generator: Analysis data written to analysis-report.json
2026-03-30 00:22:30,355 INFO     ado_client: Azure DevOps CLI extension available and working
2026-03-30 00:22:30,355 INFO     ado_client: Using Azure DevOps CLI (Entra ID via az login)
2026-03-30 00:22:33,187 INFO     root: Updated work item 204337 to Security Issue Resolved
2026-03-30 00:22:36,616 INFO     root: Updated work item 204338 to Security Issue Resolved
2026-03-30 00:22:39,686 INFO     root: Updated work item 204339 to Security Issue Resolved
2026-03-30 00:22:43,143 INFO     root: Updated work item 204340 to Security Issue Resolved
2026-03-30 00:22:47,096 INFO     root: Updated work item 204341 to Security Issue Resolved
2026-03-30 00:22:50,251 INFO     root: Updated work item 204342 to Security Issue Resolved
2026-03-30 00:22:54,063 INFO     root: Updated work item 204343 to Security Issue Resolved
2026-03-30 00:22:58,344 INFO     root: Updated work item 204344 to Security Issue Resolved
2026-03-30 00:23:01,640 INFO     root: Updated work item 204347 to Security Issue Resolved
2026-03-30 00:23:04,705 INFO     root: Updated work item 204348 to Security Issue Resolved
2026-03-30 00:23:08,022 INFO     root: Updated work item 204349 to Security Issue Resolved
2026-03-30 00:23:11,288 INFO     root: Updated work item 204350 to Security Issue Resolved
2026-03-30 00:23:14,767 INFO     root: Updated work item 204351 to Security Issue Resolved
2026-03-30 00:23:17,924 INFO     root: Updated work item 204352 to Security Issue Resolved
2026-03-30 00:23:21,264 INFO     root: Updated work item 204354 to Security Issue Resolved
2026-03-30 00:23:24,416 INFO     root: Updated work item 204355 to Security Issue Resolved
2026-03-30 00:23:27,710 INFO     root: Updated work item 204356 to Security Issue Resolved
2026-03-30 00:23:31,767 INFO     root: Updated work item 204359 to Security Issue Resolved
2026-03-30 00:23:34,952 INFO     root: Updated work item 204360 to Security Issue Resolved
2026-03-30 00:23:37,999 INFO     root: Updated work item 204361 to Security Issue Resolved
2026-03-30 00:23:41,312 INFO     root: Updated work item 204362 to Security Issue Resolved
2026-03-30 00:23:44,369 INFO     root: Updated work item 204363 to Security Issue Resolved
2026-03-30 00:23:47,576 INFO     root: Updated work item 204364 to Security Issue Resolved
2026-03-30 00:23:50,853 INFO     root: Updated work item 204365 to Security Issue Resolved
2026-03-30 00:23:54,293 INFO     root: Updated work item 204366 to Security Issue Resolved
2026-03-30 00:23:57,552 INFO     root: Updated work item 204367 to Security Issue Resolved
2026-03-30 00:24:00,746 INFO     root: Updated work item 204368 to Security Issue Resolved
2026-03-30 00:24:04,764 INFO     root: Updated work item 204369 to Security Issue Resolved
2026-03-30 00:24:08,052 INFO     root: Updated work item 204370 to Security Issue Resolved
2026-03-30 00:24:11,172 INFO     root: Updated work item 204371 to Security Issue Resolved
2026-03-30 00:24:14,241 INFO     root: Updated work item 204374 to Security Issue Resolved
2026-03-30 00:24:17,272 INFO     root: Updated work item 204375 to Security Issue Resolved
2026-03-30 00:24:20,603 INFO     root: Updated work item 204376 to Security Issue Resolved
2026-03-30 00:24:24,034 INFO     root: Updated work item 204377 to Security Issue Resolved
2026-03-30 00:24:27,284 INFO     root: Updated work item 204378 to Security Issue Resolved
2026-03-30 00:24:30,786 INFO     root: Updated work item 204380 to Security Issue Resolved
2026-03-30 00:24:33,986 INFO     root: Updated work item 204381 to Security Issue Resolved
2026-03-30 00:24:37,934 INFO     root: Updated work item 204382 to Security Issue Resolved
2026-03-30 00:24:41,098 INFO     root: Updated work item 204383 to Security Issue Resolved
2026-03-30 00:24:44,329 INFO     root: Updated work item 204384 to Security Issue Resolved
2026-03-30 00:24:48,650 INFO     root: Updated work item 204385 to Security Issue Resolved
2026-03-30 00:24:52,106 INFO     root: Updated work item 204386 to Security Issue Resolved
2026-03-30 00:24:55,377 INFO     root: Updated work item 204387 to Security Issue Resolved
2026-03-30 00:24:58,489 INFO     root: Updated work item 204388 to Security Issue Resolved
2026-03-30 00:25:01,699 INFO     root: Updated work item 204389 to Security Issue Resolved
2026-03-30 00:25:04,895 INFO     root: Updated work item 204403 to Security Issue Resolved
2026-03-30 00:25:08,029 INFO     root: Updated work item 204404 to Security Issue Resolved
2026-03-30 00:25:12,270 INFO     root: Updated work item 204405 to Security Issue Resolved
2026-03-30 00:25:15,448 INFO     root: Updated work item 204406 to Security Issue Resolved
2026-03-30 00:25:19,040 INFO     root: Updated work item 204408 to Security Issue Resolved
2026-03-30 00:25:22,903 INFO     root: Updated work item 204409 to Security Issue Resolved
2026-03-30 00:25:26,887 INFO     root: Updated work item 204410 to Security Issue Resolved
2026-03-30 00:25:30,099 INFO     root: Updated work item 204411 to Security Issue Resolved
2026-03-30 00:25:33,300 INFO     root: Updated work item 204412 to Security Issue Resolved
2026-03-30 00:25:36,508 INFO     root: Updated work item 204413 to Security Issue Resolved
2026-03-30 00:25:39,841 INFO     root: Updated work item 204414 to Security Issue Resolved
2026-03-30 00:25:43,922 INFO     root: Updated work item 204415 to Security Issue Resolved
2026-03-30 00:25:47,296 INFO     root: Updated work item 204416 to Security Issue Resolved
2026-03-30 00:25:50,503 INFO     root: Updated work item 204419 to Security Issue Resolved
2026-03-30 00:25:53,661 INFO     root: Updated work item 204421 to Security Issue Resolved
2026-03-30 00:25:57,002 INFO     root: Updated work item 204422 to Security Issue Resolved
2026-03-30 00:26:00,512 INFO     root: Updated work item 204423 to Security Issue Resolved
2026-03-30 00:26:03,614 INFO     root: Updated work item 204424 to Security Issue Resolved
2026-03-30 00:26:06,663 INFO     root: Updated work item 204425 to Security Issue Resolved
2026-03-30 00:26:10,109 INFO     root: Updated work item 204426 to Security Issue Resolved
2026-03-30 00:26:14,061 INFO     root: Updated work item 204427 to Security Issue Resolved
2026-03-30 00:26:17,887 INFO     root: Updated work item 204428 to Security Issue Resolved
2026-03-30 00:26:21,078 INFO     root: Updated work item 204429 to Security Issue Resolved
2026-03-30 00:26:24,580 INFO     root: Updated work item 204430 to Security Issue Resolved
2026-03-30 00:26:27,769 INFO     root: Updated work item 204431 to Security Issue Resolved
2026-03-30 00:26:30,944 INFO     root: Updated work item 204432 to Security Issue Resolved
2026-03-30 00:26:34,225 INFO     root: Updated work item 204433 to Security Issue Resolved
2026-03-30 00:26:37,230 INFO     root: Updated work item 204434 to Security Issue Resolved
2026-03-30 00:26:40,463 INFO     root: Updated work item 204436 to Security Issue Resolved
2026-03-30 00:26:43,657 INFO     root: Updated work item 204437 to Security Issue Resolved
2026-03-30 00:26:46,827 INFO     root: Updated work item 204438 to Security Issue Resolved
2026-03-30 00:26:51,025 INFO     root: Updated work item 204439 to Security Issue Resolved
2026-03-30 00:26:54,169 INFO     root: Updated work item 204440 to Security Issue Resolved
2026-03-30 00:26:57,450 INFO     root: Updated work item 204442 to Security Issue Resolved
2026-03-30 00:27:00,623 INFO     root: Updated work item 204443 to Security Issue Resolved
2026-03-30 00:27:03,744 INFO     root: Updated work item 204444 to Security Issue Resolved
2026-03-30 00:27:06,867 INFO     root: Updated work item 204445 to Security Issue Resolved
2026-03-30 00:27:10,110 INFO     root: Updated work item 204446 to Security Issue Resolved
2026-03-30 00:27:13,229 INFO     root: Updated work item 204447 to Security Issue Resolved
2026-03-30 00:27:16,531 INFO     root: Updated work item 204448 to Security Issue Resolved
2026-03-30 00:27:19,832 INFO     root: Updated work item 204449 to Security Issue Resolved
2026-03-30 00:27:24,124 INFO     root: Updated work item 204450 to Security Issue Resolved
2026-03-30 00:27:27,473 INFO     root: Updated work item 204453 to Security Issue Resolved
2026-03-30 00:27:30,700 INFO     root: Updated work item 204458 to Security Issue Resolved
2026-03-30 00:27:31,005 INFO     root: Update log written to update-log.md
2026-03-30 00:39:21,751 INFO     ado_client: Azure DevOps CLI extension available and working
2026-03-30 00:39:21,752 INFO     ado_client: Using Azure DevOps CLI (Entra ID via az login)
2026-03-30 00:39:21,754 INFO     root: Fetching 1 specific work item(s): [204397]
2026-03-30 00:39:24,722 INFO     root: Fetched 1 work items with full details
2026-03-30 00:39:24,726 INFO     dependency_resolver: Using cached dependency data for langchain4j/langchain4j:1.12.2
2026-03-30 00:39:24,752 INFO     dependency_resolver: Using cached dependency data for spring-projects/spring-ai:1.1.4
2026-03-30 00:39:24,800 INFO     report_generator: Report written to analysis-report.md
2026-03-30 00:39:24,823 INFO     report_generator: Analysis data written to analysis-report.json
2026-03-30 00:43:06,675 INFO     ado_client: Azure DevOps CLI extension available and working
2026-03-30 00:43:06,675 INFO     ado_client: Using Azure DevOps CLI (Entra ID via az login)
2026-03-30 00:43:06,677 INFO     root: Fetching 1 specific work item(s): [204397]
2026-03-30 00:43:09,555 INFO     root: Fetched 1 work items with full details
2026-03-30 00:43:09,558 INFO     dependency_resolver: Using cached dependency data for langchain4j/langchain4j:1.12.2
2026-03-30 00:43:09,585 INFO     dependency_resolver: Using cached dependency data for spring-projects/spring-ai:1.1.4
2026-03-30 00:43:13,089 INFO     report_generator: Report written to analysis-report.md
2026-03-30 00:43:13,109 INFO     report_generator: Analysis data written to analysis-report.json
2026-03-30 00:47:14,764 INFO     ado_client: Azure DevOps CLI extension available and working
2026-03-30 00:47:14,764 INFO     ado_client: Using Azure DevOps CLI (Entra ID via az login)
2026-03-30 00:47:14,766 INFO     root: Fetching 1 specific work item(s): [204397]
2026-03-30 00:47:17,849 INFO     root: Fetched 1 work items with full details
2026-03-30 00:47:17,853 INFO     dependency_resolver: Using cached dependency data for langchain4j/langchain4j:1.12.2
2026-03-30 00:47:17,860 INFO     dependency_resolver: Using cached dependency data for spring-projects/spring-ai:1.1.4
2026-03-30 00:47:22,297 INFO     report_generator: Report written to analysis-report.md
2026-03-30 00:47:22,303 INFO     report_generator: Analysis data written to analysis-report.json
2026-03-30 00:49:20,274 INFO     ado_client: Azure DevOps CLI extension available and working
2026-03-30 00:49:20,275 INFO     ado_client: Using Azure DevOps CLI (Entra ID via az login)
2026-03-30 00:49:20,319 ERROR    root: Failed to update work item 204397: az CLI failed (exit 1): /mnt/c/Program Files/Microsoft SDKs/Azure/CLI2/wbin/../python.exe: Invalid argument
2026-03-30 00:49:20,337 INFO     root: Update log written to update-log.md
2026-03-30 00:51:35,570 INFO     ado_client: Azure DevOps CLI extension available and working
2026-03-30 00:51:35,571 INFO     ado_client: Using Azure DevOps CLI (Entra ID via az login)
2026-03-30 00:51:42,032 INFO     root: Updated work item 204397 to Security Issue Resolved
2026-03-30 00:51:42,336 INFO     root: Update log written to update-log.md
2026-03-30 00:52:17,039 INFO     ado_client: Azure DevOps CLI extension available and working
2026-03-30 00:52:17,039 INFO     ado_client: Using Azure DevOps CLI (Entra ID via az login)
2026-03-30 00:52:22,723 INFO     root: Updated work item 204397 to Security Issue Resolved
2026-03-30 00:52:23,027 INFO     root: Update log written to update-log.md
